2018-11-13 09:09:51 - Starting C:\Program Files\nodejs\node.exe  --harmony D:\git\vacation-controller\node_modules\node-windows\lib\wrapper.js --file D:\git\vacation-controller\api\apiserver.js --log "Vacation-controllers wrapper" --grow 0.25 --wait 1 --maxrestarts 3 --abortonerror n --stopparentfirst undefined
2018-11-13 09:09:51 - Started 281672
2018-11-19 09:13:53 - Stopping vacationcontrollers.exe
2018-11-19 09:13:53 - ProcessKill 281672
2018-11-19 09:13:54 - Found child process: 282552 Name: node.exe
2018-11-19 09:13:54 - Stopping process 282552
2018-11-19 09:13:54 - Send SIGINT 282552
2018-11-19 09:13:54 - SIGINT to 282552 failed - Killing as fallback
2018-11-19 09:13:54 - Stopping process 281672
2018-11-19 09:13:54 - Send SIGINT 281672
2018-11-19 09:13:54 - SIGINT to281672 successful
2018-11-19 09:13:54 - Finished vacationcontrollers.exe
2018-11-19 09:43:46 - Starting C:\Program Files\nodejs\node.exe  --harmony D:\git\vacation-controller\node_modules\node-windows\lib\wrapper.js --file D:\git\vacation-controller\api\apiserver.js --log "Vacation-controllers wrapper" --grow 0.25 --wait 1 --maxrestarts 3 --abortonerror n --stopparentfirst undefined
2018-11-19 09:43:46 - Started 568808
2018-11-20 09:22:44 - Stopping vacationcontrollers.exe
2018-11-20 09:22:44 - ProcessKill 568808
2018-11-20 09:22:44 - Found child process: 568604 Name: node.exe
2018-11-20 09:22:44 - Stopping process 568604
2018-11-20 09:22:44 - Send SIGINT 568604
2018-11-20 09:22:45 - SIGINT to 568604 failed - Killing as fallback
2018-11-20 09:22:45 - Stopping process 568808
2018-11-20 09:22:45 - Send SIGINT 568808
2018-11-20 09:22:45 - SIGINT to568808 successful
2018-11-20 09:22:45 - Finished vacationcontrollers.exe
2018-11-20 09:43:14 - Starting C:\Program Files\nodejs\node.exe  --harmony D:\git\vacation-controller\node_modules\node-windows\lib\wrapper.js --file D:\git\vacation-controller\api\apiserver.js --log "Vacation-controllers wrapper" --grow 0.25 --wait 1 --maxrestarts 3 --abortonerror n --stopparentfirst undefined
2018-11-20 09:43:14 - Started 604304
2018-11-21 09:59:56 - Stopping vacationcontrollers.exe
2018-11-21 09:59:56 - ProcessKill 604304
2018-11-21 09:59:56 - Found child process: 602124 Name: node.exe
2018-11-21 09:59:56 - Stopping process 602124
2018-11-21 09:59:56 - Send SIGINT 602124
2018-11-21 09:59:56 - SIGINT to 602124 failed - Killing as fallback
2018-11-21 09:59:56 - Stopping process 604304
2018-11-21 09:59:56 - Send SIGINT 604304
2018-11-21 09:59:56 - SIGINT to604304 successful
2018-11-21 09:59:56 - Finished vacationcontrollers.exe
2018-11-21 10:02:55 - Starting C:\Program Files\nodejs\node.exe  --harmony D:\git\vacation-controller\node_modules\node-windows\lib\wrapper.js --file D:\git\vacation-controller\api\apiserver.js --log "Vacation-controllers wrapper" --grow 0.25 --wait 1 --maxrestarts 3 --abortonerror n --stopparentfirst undefined
2018-11-21 10:02:55 - Started 639308
